<?xml version="1.0" encoding="UTF-8"?>
<testng-results skipped="0" failed="0" ignored="0" total="1" passed="1">
  <reporter-output>
  </reporter-output>
  <suite name="test" duration-ms="2066" started-at="2019-03-15T03:03:16Z" finished-at="2019-03-15T03:03:18Z">
    <groups>
    </groups>
    <test name="test" duration-ms="2066" started-at="2019-03-15T03:03:16Z" finished-at="2019-03-15T03:03:18Z">
      <class name="demokarate.HttpURLConnectionExample">
        <test-method status="PASS" signature="RegistrationSuccessful()[pri:0, instance:demokarate.HttpURLConnectionExample@7fa833]" name="RegistrationSuccessful" duration-ms="2045" started-at="2019-03-15T03:03:16Z" finished-at="2019-03-15T03:03:18Z">
          <reporter-output>
          </reporter-output>
        </test-method> <!-- RegistrationSuccessful -->
      </class> <!-- demokarate.HttpURLConnectionExample -->
    </test> <!-- test -->
  </suite> <!-- test -->
</testng-results>
